{
  "stats": {
    "suites": 16,
    "tests": 8,
    "passes": 8,
    "pending": 0,
    "failures": 0,
    "start": "2020-08-12T12:11:51.193Z",
    "end": "2020-08-12T12:11:55.025Z",
    "duration": 3832,
    "testsRegistered": 8,
    "passPercent": 100,
    "pendingPercent": 0,
    "other": 0,
    "hasOther": false,
    "skipped": 0,
    "hasSkipped": false
  },
  "results": [
    {
      "uuid": "dd7a6559-37fb-4a05-aa75-44e4a7416b11",
      "title": "",
      "fullFile": ".cypress/integration/test.spec.js",
      "file": ".cypress/integration/test.spec.js",
      "beforeHooks": [],
      "afterHooks": [],
      "tests": [],
      "suites": [
        {
          "uuid": "521aec82-3cfa-4e69-93a1-a4ad53571673",
          "title": "macbook-15 resolution",
          "fullFile": "",
          "file": "",
          "beforeHooks": [],
          "afterHooks": [],
          "tests": [],
          "suites": [
            {
              "uuid": "43c933e1-0841-4b90-9dba-c4eeaeb2c927",
              "title": "homepage",
              "fullFile": "",
              "file": "",
              "beforeHooks": [],
              "afterHooks": [],
              "tests": [
                {
                  "title": "menu button",
                  "fullTitle": "macbook-15 resolution homepage menu button",
                  "timedOut": null,
                  "duration": 579,
                  "state": "passed",
                  "speed": "slow",
                  "pass": true,
                  "fail": false,
                  "pending": false,
                  "context": null,
                  "code": "cy.visit('/');\ncy.get('.page-menu-button').first().click();",
                  "err": {},
                  "uuid": "90bb565c-904d-44b4-a479-65d80bc8d3e3",
                  "parentUUID": "43c933e1-0841-4b90-9dba-c4eeaeb2c927",
                  "isHook": false,
                  "skipped": false
                }
              ],
              "suites": [],
              "passes": [
                "90bb565c-904d-44b4-a479-65d80bc8d3e3"
              ],
              "failures": [],
              "pending": [],
              "skipped": [],
              "duration": 579,
              "root": false,
              "rootEmpty": false,
              "_timeout": 2000
            }
          ],
          "passes": [],
          "failures": [],
          "pending": [],
          "skipped": [],
          "duration": 0,
          "root": false,
          "rootEmpty": false,
          "_timeout": 2000
        },
        {
          "uuid": "94d9efc2-bfe3-4801-b90d-d03b54df572a",
          "title": "macbook-13 resolution",
          "fullFile": "",
          "file": "",
          "beforeHooks": [],
          "afterHooks": [],
          "tests": [],
          "suites": [
            {
              "uuid": "95c7ccbe-f7e2-40f1-9365-afb857672401",
              "title": "homepage",
              "fullFile": "",
              "file": "",
              "beforeHooks": [],
              "afterHooks": [],
              "tests": [
                {
                  "title": "menu button",
                  "fullTitle": "macbook-13 resolution homepage menu button",
                  "timedOut": null,
                  "duration": 463,
                  "state": "passed",
                  "speed": "slow",
                  "pass": true,
                  "fail": false,
                  "pending": false,
                  "context": null,
                  "code": "cy.visit('/');\ncy.get('.page-menu-button').first().click();",
                  "err": {},
                  "uuid": "ee69c43d-5057-4cfb-b31a-7f0b2b51bdb7",
                  "parentUUID": "95c7ccbe-f7e2-40f1-9365-afb857672401",
                  "isHook": false,
                  "skipped": false
                }
              ],
              "suites": [],
              "passes": [
                "ee69c43d-5057-4cfb-b31a-7f0b2b51bdb7"
              ],
              "failures": [],
              "pending": [],
              "skipped": [],
              "duration": 463,
              "root": false,
              "rootEmpty": false,
              "_timeout": 2000
            }
          ],
          "passes": [],
          "failures": [],
          "pending": [],
          "skipped": [],
          "duration": 0,
          "root": false,
          "rootEmpty": false,
          "_timeout": 2000
        },
        {
          "uuid": "9de40b6d-af1e-4dcf-aa6e-4277f0bfa944",
          "title": "macbook-11 resolution",
          "fullFile": "",
          "file": "",
          "beforeHooks": [],
          "afterHooks": [],
          "tests": [],
          "suites": [
            {
              "uuid": "9717f051-10c7-4ca4-97c7-e53b4f3e7604",
              "title": "homepage",
              "fullFile": "",
              "file": "",
              "beforeHooks": [],
              "afterHooks": [],
              "tests": [
                {
                  "title": "menu button",
                  "fullTitle": "macbook-11 resolution homepage menu button",
                  "timedOut": null,
                  "duration": 635,
                  "state": "passed",
                  "speed": "slow",
                  "pass": true,
                  "fail": false,
                  "pending": false,
                  "context": null,
                  "code": "cy.visit('/');\ncy.get('.page-menu-button').first().click();",
                  "err": {},
                  "uuid": "aa67ff47-1c23-409f-bf0b-09bb7b89cb9d",
                  "parentUUID": "9717f051-10c7-4ca4-97c7-e53b4f3e7604",
                  "isHook": false,
                  "skipped": false
                }
              ],
              "suites": [],
              "passes": [
                "aa67ff47-1c23-409f-bf0b-09bb7b89cb9d"
              ],
              "failures": [],
              "pending": [],
              "skipped": [],
              "duration": 635,
              "root": false,
              "rootEmpty": false,
              "_timeout": 2000
            }
          ],
          "passes": [],
          "failures": [],
          "pending": [],
          "skipped": [],
          "duration": 0,
          "root": false,
          "rootEmpty": false,
          "_timeout": 2000
        },
        {
          "uuid": "f20ac0f2-cfc9-4a40-8d39-2a9f8ad36dd0",
          "title": "ipad-2 resolution",
          "fullFile": "",
          "file": "",
          "beforeHooks": [],
          "afterHooks": [],
          "tests": [],
          "suites": [
            {
              "uuid": "98a80874-2d71-4338-aacd-45f9b638157e",
              "title": "homepage",
              "fullFile": "",
              "file": "",
              "beforeHooks": [],
              "afterHooks": [],
              "tests": [
                {
                  "title": "menu button",
                  "fullTitle": "ipad-2 resolution homepage menu button",
                  "timedOut": null,
                  "duration": 423,
                  "state": "passed",
                  "speed": "slow",
                  "pass": true,
                  "fail": false,
                  "pending": false,
                  "context": null,
                  "code": "cy.visit('/');\ncy.get('.page-menu-button').first().click();",
                  "err": {},
                  "uuid": "1f5c4949-5f8b-4584-b7e8-f00a6fb1b4b1",
                  "parentUUID": "98a80874-2d71-4338-aacd-45f9b638157e",
                  "isHook": false,
                  "skipped": false
                }
              ],
              "suites": [],
              "passes": [
                "1f5c4949-5f8b-4584-b7e8-f00a6fb1b4b1"
              ],
              "failures": [],
              "pending": [],
              "skipped": [],
              "duration": 423,
              "root": false,
              "rootEmpty": false,
              "_timeout": 2000
            }
          ],
          "passes": [],
          "failures": [],
          "pending": [],
          "skipped": [],
          "duration": 0,
          "root": false,
          "rootEmpty": false,
          "_timeout": 2000
        },
        {
          "uuid": "666f024f-9a21-4b7a-b105-c34ab477cefc",
          "title": "ipad-mini resolution",
          "fullFile": "",
          "file": "",
          "beforeHooks": [],
          "afterHooks": [],
          "tests": [],
          "suites": [
            {
              "uuid": "1d1645d4-9f89-40d4-b48c-88f428982ff5",
              "title": "homepage",
              "fullFile": "",
              "file": "",
              "beforeHooks": [],
              "afterHooks": [],
              "tests": [
                {
                  "title": "menu button",
                  "fullTitle": "ipad-mini resolution homepage menu button",
                  "timedOut": null,
                  "duration": 445,
                  "state": "passed",
                  "speed": "slow",
                  "pass": true,
                  "fail": false,
                  "pending": false,
                  "context": null,
                  "code": "cy.visit('/');\ncy.get('.page-menu-button').first().click();",
                  "err": {},
                  "uuid": "3982fa25-37b9-4889-b409-a39907386135",
                  "parentUUID": "1d1645d4-9f89-40d4-b48c-88f428982ff5",
                  "isHook": false,
                  "skipped": false
                }
              ],
              "suites": [],
              "passes": [
                "3982fa25-37b9-4889-b409-a39907386135"
              ],
              "failures": [],
              "pending": [],
              "skipped": [],
              "duration": 445,
              "root": false,
              "rootEmpty": false,
              "_timeout": 2000
            }
          ],
          "passes": [],
          "failures": [],
          "pending": [],
          "skipped": [],
          "duration": 0,
          "root": false,
          "rootEmpty": false,
          "_timeout": 2000
        },
        {
          "uuid": "a2cb2498-6320-4abc-a33b-e6c86405301f",
          "title": "iphone-6+ resolution",
          "fullFile": "",
          "file": "",
          "beforeHooks": [],
          "afterHooks": [],
          "tests": [],
          "suites": [
            {
              "uuid": "8ff73787-47d6-451d-b967-15dc00a4e158",
              "title": "homepage",
              "fullFile": "",
              "file": "",
              "beforeHooks": [],
              "afterHooks": [],
              "tests": [
                {
                  "title": "menu button",
                  "fullTitle": "iphone-6+ resolution homepage menu button",
                  "timedOut": null,
                  "duration": 354,
                  "state": "passed",
                  "speed": "slow",
                  "pass": true,
                  "fail": false,
                  "pending": false,
                  "context": null,
                  "code": "cy.visit('/');\ncy.get('.page-menu-button').first().click();",
                  "err": {},
                  "uuid": "d689f9fe-904f-4b65-b5d2-9db470d0ca54",
                  "parentUUID": "8ff73787-47d6-451d-b967-15dc00a4e158",
                  "isHook": false,
                  "skipped": false
                }
              ],
              "suites": [],
              "passes": [
                "d689f9fe-904f-4b65-b5d2-9db470d0ca54"
              ],
              "failures": [],
              "pending": [],
              "skipped": [],
              "duration": 354,
              "root": false,
              "rootEmpty": false,
              "_timeout": 2000
            }
          ],
          "passes": [],
          "failures": [],
          "pending": [],
          "skipped": [],
          "duration": 0,
          "root": false,
          "rootEmpty": false,
          "_timeout": 2000
        },
        {
          "uuid": "fda5bfbc-5f6e-434e-b562-57848df2eb8a",
          "title": "iphone-6 resolution",
          "fullFile": "",
          "file": "",
          "beforeHooks": [],
          "afterHooks": [],
          "tests": [],
          "suites": [
            {
              "uuid": "b9c8bbff-380a-4ce3-b4a5-7995133df54e",
              "title": "homepage",
              "fullFile": "",
              "file": "",
              "beforeHooks": [],
              "afterHooks": [],
              "tests": [
                {
                  "title": "menu button",
                  "fullTitle": "iphone-6 resolution homepage menu button",
                  "timedOut": null,
                  "duration": 392,
                  "state": "passed",
                  "speed": "slow",
                  "pass": true,
                  "fail": false,
                  "pending": false,
                  "context": null,
                  "code": "cy.visit('/');\ncy.get('.page-menu-button').first().click();",
                  "err": {},
                  "uuid": "95a013ca-ca06-45ed-a782-20f84dbc5a7b",
                  "parentUUID": "b9c8bbff-380a-4ce3-b4a5-7995133df54e",
                  "isHook": false,
                  "skipped": false
                }
              ],
              "suites": [],
              "passes": [
                "95a013ca-ca06-45ed-a782-20f84dbc5a7b"
              ],
              "failures": [],
              "pending": [],
              "skipped": [],
              "duration": 392,
              "root": false,
              "rootEmpty": false,
              "_timeout": 2000
            }
          ],
          "passes": [],
          "failures": [],
          "pending": [],
          "skipped": [],
          "duration": 0,
          "root": false,
          "rootEmpty": false,
          "_timeout": 2000
        },
        {
          "uuid": "c920f140-36db-40bd-bab2-b630590596a3",
          "title": "iphone-5 resolution",
          "fullFile": "",
          "file": "",
          "beforeHooks": [],
          "afterHooks": [],
          "tests": [],
          "suites": [
            {
              "uuid": "5beb3d8c-a72f-4804-995d-415d33d12bc7",
              "title": "homepage",
              "fullFile": "",
              "file": "",
              "beforeHooks": [],
              "afterHooks": [],
              "tests": [
                {
                  "title": "menu button",
                  "fullTitle": "iphone-5 resolution homepage menu button",
                  "timedOut": null,
                  "duration": 445,
                  "state": "passed",
                  "speed": "slow",
                  "pass": true,
                  "fail": false,
                  "pending": false,
                  "context": null,
                  "code": "cy.visit('/');\ncy.get('.page-menu-button').first().click();",
                  "err": {},
                  "uuid": "8ff99152-1d21-427e-ad83-a23111d39159",
                  "parentUUID": "5beb3d8c-a72f-4804-995d-415d33d12bc7",
                  "isHook": false,
                  "skipped": false
                }
              ],
              "suites": [],
              "passes": [
                "8ff99152-1d21-427e-ad83-a23111d39159"
              ],
              "failures": [],
              "pending": [],
              "skipped": [],
              "duration": 445,
              "root": false,
              "rootEmpty": false,
              "_timeout": 2000
            }
          ],
          "passes": [],
          "failures": [],
          "pending": [],
          "skipped": [],
          "duration": 0,
          "root": false,
          "rootEmpty": false,
          "_timeout": 2000
        }
      ],
      "passes": [],
      "failures": [],
      "pending": [],
      "skipped": [],
      "duration": 0,
      "root": true,
      "rootEmpty": true,
      "_timeout": 2000
    }
  ],
  "meta": {
    "mocha": {
      "version": "7.0.1"
    },
    "mochawesome": {
      "options": {
        "quiet": false,
        "reportFilename": "mochawesome",
        "saveHtml": false,
        "saveJson": true,
        "consoleReporter": "spec",
        "useInlineDiffs": false,
        "code": true
      },
      "version": "6.1.1"
    },
    "marge": {
      "options": {
        "reportDir": "./reports/cypress/results",
        "overwrite": false,
        "html": false,
        "json": true
      },
      "version": "5.1.0"
    }
  }
}